<?xml version="1.0" encoding="UTF-8"?>
<!-- Generated by org.testng.reporters.JUnitXMLReporter -->
<testsuite ignored="0" hostname="Maheshs-MacBook-Air.local" failures="1" tests="9" name="Test" time="1201.928" errors="0" timestamp="2025-04-20T11:55:59 IST">
  <testcase classname="eCommerce.HomePageTest" name="testHomePage" time="61.935"/>
  <testcase classname="eCommerce.LoginTest" name="validLoginTest" time="65.326">
    <failure type="org.openqa.selenium.ElementNotInteractableException" message="element not interactable
  (Session info: chrome=135.0.7049.96)
Build info: version: &amp;apos;4.18.1&amp;apos;, revision: &amp;apos;b1d3319b48&amp;apos;
System info: os.name: &amp;apos;Mac OS X&amp;apos;, os.arch: &amp;apos;x86_64&amp;apos;, os.version: &amp;apos;15.1.1&amp;apos;, java.version: &amp;apos;23.0.1&amp;apos;
Driver info: org.openqa.selenium.chrome.ChromeDriver
Command: [f983cc44847cfdb10a96955dd3360db8, clickElement {id=f.537773C35983578BC7C2477C3EF869C3.d.01856715A3D3AA07184855649631E664.e.147}]
Capabilities {acceptInsecureCerts: false, browserName: chrome, browserVersion: 135.0.7049.96, chrome: {chromedriverVersion: 135.0.7049.95 (de2eb485a195..., userDataDir: /var/folders/ml/9w8qckmn5cs...}, fedcm:accounts: true, goog:chromeOptions: {debuggerAddress: localhost:53794}, networkConnectionEnabled: false, pageLoadStrategy: normal, platformName: mac, proxy: Proxy(), se:cdp: ws://localhost:53794/devtoo..., se:cdpVersion: 135.0.7049.96, setWindowRect: true, strictFileInteractability: false, timeouts: {implicit: 0, pageLoad: 300000, script: 30000}, unhandledPromptBehavior: dismiss and notify, webauthn:extension:credBlob: true, webauthn:extension:largeBlob: true, webauthn:extension:minPinLength: true, webauthn:extension:prf: true, webauthn:virtualAuthenticators: true}
Element: [[ChromeDriver: chrome on mac (f983cc44847cfdb10a96955dd3360db8)] -&amp;gt; xpath: //span[@class=&amp;apos;nav-action-inner&amp;apos;]]
Session ID: f983cc44847cfdb10a96955dd3360db8">
      <![CDATA[org.openqa.selenium.ElementNotInteractableException: element not interactable
  (Session info: chrome=135.0.7049.96)
Build info: version: '4.18.1', revision: 'b1d3319b48'
System info: os.name: 'Mac OS X', os.arch: 'x86_64', os.version: '15.1.1', java.version: '23.0.1'
Driver info: org.openqa.selenium.chrome.ChromeDriver
Command: [f983cc44847cfdb10a96955dd3360db8, clickElement {id=f.537773C35983578BC7C2477C3EF869C3.d.01856715A3D3AA07184855649631E664.e.147}]
Capabilities {acceptInsecureCerts: false, browserName: chrome, browserVersion: 135.0.7049.96, chrome: {chromedriverVersion: 135.0.7049.95 (de2eb485a195..., userDataDir: /var/folders/ml/9w8qckmn5cs...}, fedcm:accounts: true, goog:chromeOptions: {debuggerAddress: localhost:53794}, networkConnectionEnabled: false, pageLoadStrategy: normal, platformName: mac, proxy: Proxy(), se:cdp: ws://localhost:53794/devtoo..., se:cdpVersion: 135.0.7049.96, setWindowRect: true, strictFileInteractability: false, timeouts: {implicit: 0, pageLoad: 300000, script: 30000}, unhandledPromptBehavior: dismiss and notify, webauthn:extension:credBlob: true, webauthn:extension:largeBlob: true, webauthn:extension:minPinLength: true, webauthn:extension:prf: true, webauthn:virtualAuthenticators: true}
Element: [[ChromeDriver: chrome on mac (f983cc44847cfdb10a96955dd3360db8)] -> xpath: //span[@class='nav-action-inner']]
Session ID: f983cc44847cfdb10a96955dd3360db8
at org.openqa.selenium.remote.ErrorCodec.decode(ErrorCodec.java:167)
at org.openqa.selenium.remote.codec.w3c.W3CHttpResponseCodec.decode(W3CHttpResponseCodec.java:138)
at org.openqa.selenium.remote.codec.w3c.W3CHttpResponseCodec.decode(W3CHttpResponseCodec.java:50)
at org.openqa.selenium.remote.HttpCommandExecutor.execute(HttpCommandExecutor.java:190)
at org.openqa.selenium.remote.service.DriverCommandExecutor.invokeExecute(DriverCommandExecutor.java:216)
at org.openqa.selenium.remote.service.DriverCommandExecutor.execute(DriverCommandExecutor.java:174)
at org.openqa.selenium.remote.RemoteWebDriver.execute(RemoteWebDriver.java:519)
at org.openqa.selenium.remote.RemoteWebElement.execute(RemoteWebElement.java:223)
at org.openqa.selenium.remote.RemoteWebElement.click(RemoteWebElement.java:76)
at org.openqa.selenium.support.pagefactory.internal.LocatingElementHandler.invoke(LocatingElementHandler.java:51)
at jdk.proxy2/jdk.proxy2.$Proxy13.click(Unknown Source)
at eCommerce.Amazon.HomePage.SigninClick(HomePage.java:32)
at eCommerce.LoginTest.validLoginTest(LoginTest.java:33)
at java.base/java.util.ArrayList.forEach(ArrayList.java:1597)
... Removed 30 stack frames]]>
    </failure>
  </testcase> <!-- validLoginTest -->
  <testcase classname="eCommerce.LoginTest" name="validLoginTest" time="130.211"/>
  <testcase classname="eCommerce.LoginTest" name="InvalidLoginTest" time="116.711"/>
  <testcase classname="eCommerce.LoginTest" name="InvalidLoginTest" time="110.389"/>
  <testcase classname="eCommerce.SearchPageTest" name="verifySearch" time="87.894"/>
  <testcase classname="eCommerce.SearchPageTest" name="verifySearch" time="89.119"/>
  <testcase classname="eCommerce.SearchPageTest" name="verifySearch" time="93.881"/>
  <testcase classname="eCommerce.SearchPageTest" name="verifySearch" time="65.064"/>
</testsuite> <!-- Test -->
